# JRE version: Java(TM) SE Runtime Environment (8.0_171-b11) (build 1.8.0_171-b11)
# Java VM: Java HotSpot(TM) 64-Bit Server VM (25.171-b11 mixed mode windows-amd64 compressed oops)
Heap:
 PSYoungGen      total 551936K, used 154093K [0x000000076b500000, 0x00000007a6a00000, 0x00000007c0000000)
  eden space 397824K, 0% used [0x000000076b500000,0x000000076b500000,0x0000000783980000)
  from space 154112K, 99% used [0x0000000792b00000,0x000000079c17b7c0,0x000000079c180000)
  to   space 247296K, 0% used [0x0000000783980000,0x0000000783980000,0x0000000792b00000)
 ParOldGen       total 569344K, used 568448K [0x00000006c1e00000, 0x00000006e4a00000, 0x000000076b500000)
  object space 569344K, 99% used [0x00000006c1e00000,0x00000006e4920100,0x00000006e4a00000)
 Metaspace       used 10359K, capacity 10470K, committed 10752K, reserved 1058816K
  class space    used 1185K, capacity 1204K, committed 1280K, reserved 1048576K
GC Heap History (10 events):
Event: 3.958 GC heap after
Heap after GC invocations=12 (full 2):
 PSYoungGen      total 494592K, used 57467K [0x000000076b500000, 0x0000000793580000, 0x00000007c0000000)
  eden space 345600K, 0% used [0x000000076b500000,0x000000076b500000,0x0000000780680000)
  from space 148992K, 38% used [0x000000078a400000,0x000000078dc1ee60,0x0000000793580000)
  to   space 155136K, 0% used [0x0000000780680000,0x0000000780680000,0x0000000789e00000)
 ParOldGen       total 567296K, used 379446K [0x00000006c1e00000, 0x00000006e4800000, 0x000000076b500000)
  object space 567296K, 66% used [0x00000006c1e00000,0x00000006d908da00,0x00000006e4800000)
 Metaspace       used 10324K, capacity 10470K, committed 10752K, reserved 1058816K
  class space    used 1185K, capacity 1204K, committed 1280K, reserved 1048576K
}
Event: 4.141 GC heap before
{Heap before GC invocations=13 (full 2):
 PSYoungGen      total 494592K, used 403067K [0x000000076b500000, 0x0000000793580000, 0x00000007c0000000)
  eden space 345600K, 100% used [0x000000076b500000,0x0000000780680000,0x0000000780680000)
  from space 148992K, 38% used [0x000000078a400000,0x000000078dc1ee60,0x0000000793580000)
  to   space 155136K, 0% used [0x0000000780680000,0x0000000780680000,0x0000000789e00000)
 ParOldGen       total 567296K, used 379446K [0x00000006c1e00000, 0x00000006e4800000, 0x000000076b500000)
  object space 567296K, 66% used [0x00000006c1e00000,0x00000006d908da00,0x00000006e4800000)
 Metaspace       used 10324K, capacity 10470K, committed 10752K, reserved 1058816K
  class space    used 1185K, capacity 1204K, committed 1280K, reserved 1048576K
Event: 4.194 GC heap after
Heap after GC invocations=13 (full 2):
 PSYoungGen      total 500736K, used 69741K [0x000000076b500000, 0x0000000796b80000, 0x00000007c0000000)
  eden space 345600K, 0% used [0x000000076b500000,0x000000076b500000,0x0000000780680000)
  from space 155136K, 44% used [0x0000000780680000,0x0000000784a9b7a0,0x0000000789e00000)
  to   space 148992K, 0% used [0x000000078da00000,0x000000078da00000,0x0000000796b80000)
 ParOldGen       total 567296K, used 379446K [0x00000006c1e00000, 0x00000006e4800000, 0x000000076b500000)
  object space 567296K, 66% used [0x00000006c1e00000,0x00000006d908da00,0x00000006e4800000)
 Metaspace       used 10324K, capacity 10470K, committed 10752K, reserved 1058816K
  class space    used 1185K, capacity 1204K, committed 1280K, reserved 1048576K
}
Event: 4.373 GC heap before
{Heap before GC invocations=14 (full 2):
 PSYoungGen      total 500736K, used 415341K [0x000000076b500000, 0x0000000796b80000, 0x00000007c0000000)
  eden space 345600K, 100% used [0x000000076b500000,0x0000000780680000,0x0000000780680000)
  from space 155136K, 44% used [0x0000000780680000,0x0000000784a9b7a0,0x0000000789e00000)
  to   space 148992K, 0% used [0x000000078da00000,0x000000078da00000,0x0000000796b80000)
 ParOldGen       total 567296K, used 379446K [0x00000006c1e00000, 0x00000006e4800000, 0x000000076b500000)
  object space 567296K, 66% used [0x00000006c1e00000,0x00000006d908da00,0x00000006e4800000)
 Metaspace       used 10324K, capacity 10470K, committed 10752K, reserved 1058816K
  class space    used 1185K, capacity 1204K, committed 1280K, reserved 1048576K
Event: 4.436 GC heap after
Heap after GC invocations=14 (full 2):
 PSYoungGen      total 563200K, used 82349K [0x000000076b500000, 0x0000000796f00000, 0x00000007c0000000)
  eden space 414208K, 0% used [0x000000076b500000,0x000000076b500000,0x0000000784980000)
  from space 148992K, 55% used [0x000000078da00000,0x0000000792a6b7a0,0x0000000796b80000)
  to   space 147968K, 0% used [0x0000000784980000,0x0000000784980000,0x000000078da00000)
 ParOldGen       total 567296K, used 379446K [0x00000006c1e00000, 0x00000006e4800000, 0x000000076b500000)
  object space 567296K, 66% used [0x00000006c1e00000,0x00000006d908da00,0x00000006e4800000)
 Metaspace       used 10324K, capacity 10470K, committed 10752K, reserved 1058816K
  class space    used 1185K, capacity 1204K, committed 1280K, reserved 1048576K
}
Event: 6.162 GC heap before
{Heap before GC invocations=15 (full 2):
 PSYoungGen      total 563200K, used 496557K [0x000000076b500000, 0x0000000796f00000, 0x00000007c0000000)
  eden space 414208K, 100% used [0x000000076b500000,0x0000000784980000,0x0000000784980000)
  from space 148992K, 55% used [0x000000078da00000,0x0000000792a6b7a0,0x0000000796b80000)
  to   space 147968K, 0% used [0x0000000784980000,0x0000000784980000,0x000000078da00000)
 ParOldGen       total 567296K, used 379446K [0x00000006c1e00000, 0x00000006e4800000, 0x000000076b500000)
  object space 567296K, 66% used [0x00000006c1e00000,0x00000006d908da00,0x00000006e4800000)
 Metaspace       used 10359K, capacity 10470K, committed 10752K, reserved 1058816K
  class space    used 1185K, capacity 1204K, committed 1280K, reserved 1048576K
Event: 6.251 GC heap after
Heap after GC invocations=15 (full 2):
 PSYoungGen      total 562176K, used 104132K [0x000000076b500000, 0x000000079c180000, 0x00000007c0000000)
  eden space 414208K, 0% used [0x000000076b500000,0x000000076b500000,0x0000000784980000)
  from space 147968K, 70% used [0x0000000784980000,0x000000078af31348,0x000000078da00000)
  to   space 154112K, 0% used [0x0000000792b00000,0x0000000792b00000,0x000000079c180000)
 ParOldGen       total 567296K, used 379454K [0x00000006c1e00000, 0x00000006e4800000, 0x000000076b500000)
  object space 567296K, 66% used [0x00000006c1e00000,0x00000006d908fa00,0x00000006e4800000)
 Metaspace       used 10359K, capacity 10470K, committed 10752K, reserved 1058816K
  class space    used 1185K, capacity 1204K, committed 1280K, reserved 1048576K
}
Event: 44.604 GC heap before
{Heap before GC invocations=16 (full 2):
 PSYoungGen      total 562176K, used 518340K [0x000000076b500000, 0x000000079c180000, 0x00000007c0000000)
  eden space 414208K, 100% used [0x000000076b500000,0x0000000784980000,0x0000000784980000)
  from space 147968K, 70% used [0x0000000784980000,0x000000078af31348,0x000000078da00000)
  to   space 154112K, 0% used [0x0000000792b00000,0x0000000792b00000,0x000000079c180000)
 ParOldGen       total 567296K, used 379454K [0x00000006c1e00000, 0x00000006e4800000, 0x000000076b500000)
  object space 567296K, 66% used [0x00000006c1e00000,0x00000006d908fa00,0x00000006e4800000)
 Metaspace       used 10359K, capacity 10470K, committed 10752K, reserved 1058816K
  class space    used 1185K, capacity 1204K, committed 1280K, reserved 1048576K
Event: 44.841 GC heap after
Heap after GC invocations=16 (full 2):
 PSYoungGen      total 551936K, used 154093K [0x000000076b500000, 0x00000007a6a00000, 0x00000007c0000000)
  eden space 397824K, 0% used [0x000000076b500000,0x000000076b500000,0x0000000783980000)
  from space 154112K, 99% used [0x0000000792b00000,0x000000079c17b7c0,0x000000079c180000)
  to   space 247296K, 0% used [0x0000000783980000,0x0000000783980000,0x0000000792b00000)
 ParOldGen       total 569344K, used 568448K [0x00000006c1e00000, 0x00000006e4a00000, 0x000000076b500000)
  object space 569344K, 99% used [0x00000006c1e00000,0x00000006e4920100,0x00000006e4a00000)
 Metaspace       used 10359K, capacity 10470K, committed 10752K, reserved 1058816K
  class space    used 1185K, capacity 1204K, committed 1280K, reserved 1048576K
}
Event: 44.841 GC heap before
{Heap before GC invocations=17 (full 3):
 PSYoungGen      total 551936K, used 154093K [0x000000076b500000, 0x00000007a6a00000, 0x00000007c0000000)
  eden space 397824K, 0% used [0x000000076b500000,0x000000076b500000,0x0000000783980000)
  from space 154112K, 99% used [0x0000000792b00000,0x000000079c17b7c0,0x000000079c180000)
  to   space 247296K, 0% used [0x0000000783980000,0x0000000783980000,0x0000000792b00000)
 ParOldGen       total 569344K, used 568448K [0x00000006c1e00000, 0x00000006e4a00000, 0x000000076b500000)
  object space 569344K, 99% used [0x00000006c1e00000,0x00000006e4920100,0x00000006e4a00000)
 Metaspace       used 10359K, capacity 10470K, committed 10752K, reserved 1058816K
  class space    used 1185K, capacity 1204K, committed 1280K, reserved 1048576K

